running egg_info
writing ../../build/greeting/greeting.egg-info/PKG-INFO
writing dependency_links to ../../build/greeting/greeting.egg-info/dependency_links.txt
writing entry points to ../../build/greeting/greeting.egg-info/entry_points.txt
writing requirements to ../../build/greeting/greeting.egg-info/requires.txt
writing top-level names to ../../build/greeting/greeting.egg-info/top_level.txt
reading manifest file '../../build/greeting/greeting.egg-info/SOURCES.txt'
writing manifest file '../../build/greeting/greeting.egg-info/SOURCES.txt'
running build
running build_py
copying greeting/greeter.py -> /home/saiganesh/campus_tour_robot/build/greeting/build/lib/greeting
running install
running install_lib
copying /home/saiganesh/campus_tour_robot/build/greeting/build/lib/greeting/greeter.py -> /home/saiganesh/campus_tour_robot/install/greeting/lib/python3.10/site-packages/greeting
byte-compiling /home/saiganesh/campus_tour_robot/install/greeting/lib/python3.10/site-packages/greeting/greeter.py to greeter.cpython-310.pyc
running install_data
running install_egg_info
removing '/home/saiganesh/campus_tour_robot/install/greeting/lib/python3.10/site-packages/greeting-0.0.0-py3.10.egg-info' (and everything under it)
Copying ../../build/greeting/greeting.egg-info to /home/saiganesh/campus_tour_robot/install/greeting/lib/python3.10/site-packages/greeting-0.0.0-py3.10.egg-info
running install_scripts
Installing greeter script to /home/saiganesh/campus_tour_robot/install/greeting/lib/greeting
writing list of installed files to '/home/saiganesh/campus_tour_robot/build/greeting/install.log'
